# JRE version: Java(TM) SE Runtime Environment (8.0_291-b10) (build 1.8.0_291-b10)
# Java VM: Java HotSpot(TM) 64-Bit Server VM (25.291-b10 mixed mode windows-amd64 compressed oops)
Heap:
 PSYoungGen      total 1364992K, used 885351K [0x000000076b100000, 0x00000007c0000000, 0x00000007c0000000)
  eden space 1340416K, 66% used [0x000000076b100000,0x00000007a1131cc8,0x00000007bce00000)
  from space 24576K, 1% used [0x00000007be800000,0x00000007be868000,0x00000007c0000000)
  to   space 25600K, 0% used [0x00000007bce00000,0x00000007bce00000,0x00000007be700000)
 ParOldGen       total 206848K, used 161469K [0x00000006c1200000, 0x00000006cdc00000, 0x000000076b100000)
  object space 206848K, 78% used [0x00000006c1200000,0x00000006cafaf778,0x00000006cdc00000)
 Metaspace       used 69575K, capacity 75051K, committed 75224K, reserved 1114112K
  class space    used 9244K, capacity 9933K, committed 9984K, reserved 1048576K
GC Heap History (10 events):
Event: 66.056 GC heap before
{Heap before GC invocations=24 (full 4):
 PSYoungGen      total 672256K, used 661019K [0x000000076b100000, 0x000000079e800000, 0x00000007c0000000)
  eden space 646656K, 100% used [0x000000076b100000,0x0000000792880000,0x0000000792880000)
  from space 25600K, 56% used [0x0000000792880000,0x0000000793686ec0,0x0000000794180000)
  to   space 25088K, 0% used [0x000000079cf80000,0x000000079cf80000,0x000000079e800000)
 ParOldGen       total 206848K, used 89677K [0x00000006c1200000, 0x00000006cdc00000, 0x000000076b100000)
  object space 206848K, 43% used [0x00000006c1200000,0x00000006c69935b0,0x00000006cdc00000)
 Metaspace       used 66809K, capacity 72391K, committed 72536K, reserved 1112064K
  class space    used 9061K, capacity 9735K, committed 9856K, reserved 1048576K
Event: 66.066 GC heap after
Heap after GC invocations=24 (full 4):
 PSYoungGen      total 817664K, used 15099K [0x000000076b100000, 0x00000007a3100000, 0x00000007c0000000)
  eden space 792576K, 0% used [0x000000076b100000,0x000000076b100000,0x000000079b700000)
  from space 25088K, 60% used [0x000000079cf80000,0x000000079de3eef8,0x000000079e800000)
  to   space 25088K, 0% used [0x000000079b700000,0x000000079b700000,0x000000079cf80000)
 ParOldGen       total 206848K, used 101508K [0x00000006c1200000, 0x00000006cdc00000, 0x000000076b100000)
  object space 206848K, 49% used [0x00000006c1200000,0x00000006c7521008,0x00000006cdc00000)
 Metaspace       used 66809K, capacity 72391K, committed 72536K, reserved 1112064K
  class space    used 9061K, capacity 9735K, committed 9856K, reserved 1048576K
}
Event: 66.214 GC heap before
{Heap before GC invocations=25 (full 4):
 PSYoungGen      total 817664K, used 807675K [0x000000076b100000, 0x00000007a3100000, 0x00000007c0000000)
  eden space 792576K, 100% used [0x000000076b100000,0x000000079b700000,0x000000079b700000)
  from space 25088K, 60% used [0x000000079cf80000,0x000000079de3eef8,0x000000079e800000)
  to   space 25088K, 0% used [0x000000079b700000,0x000000079b700000,0x000000079cf80000)
 ParOldGen       total 206848K, used 101508K [0x00000006c1200000, 0x00000006cdc00000, 0x000000076b100000)
  object space 206848K, 49% used [0x00000006c1200000,0x00000006c7521008,0x00000006cdc00000)
 Metaspace       used 67058K, capacity 72619K, committed 72792K, reserved 1112064K
  class space    used 9087K, capacity 9767K, committed 9856K, reserved 1048576K
Event: 66.225 GC heap after
Heap after GC invocations=25 (full 4):
 PSYoungGen      total 817664K, used 15043K [0x000000076b100000, 0x00000007aec80000, 0x00000007c0000000)
  eden space 792576K, 0% used [0x000000076b100000,0x000000076b100000,0x000000079b700000)
  from space 25088K, 59% used [0x000000079b700000,0x000000079c5b0cb8,0x000000079cf80000)
  to   space 24576K, 0% used [0x00000007ad480000,0x00000007ad480000,0x00000007aec80000)
 ParOldGen       total 206848K, used 114948K [0x00000006c1200000, 0x00000006cdc00000, 0x000000076b100000)
  object space 206848K, 55% used [0x00000006c1200000,0x00000006c82411d8,0x00000006cdc00000)
 Metaspace       used 67058K, capacity 72619K, committed 72792K, reserved 1112064K
  class space    used 9087K, capacity 9767K, committed 9856K, reserved 1048576K
}
Event: 66.369 GC heap before
{Heap before GC invocations=26 (full 4):
 PSYoungGen      total 817664K, used 807619K [0x000000076b100000, 0x00000007aec80000, 0x00000007c0000000)
  eden space 792576K, 100% used [0x000000076b100000,0x000000079b700000,0x000000079b700000)
  from space 25088K, 59% used [0x000000079b700000,0x000000079c5b0cb8,0x000000079cf80000)
  to   space 24576K, 0% used [0x00000007ad480000,0x00000007ad480000,0x00000007aec80000)
 ParOldGen       total 206848K, used 114948K [0x00000006c1200000, 0x00000006cdc00000, 0x000000076b100000)
  object space 206848K, 55% used [0x00000006c1200000,0x00000006c82411d8,0x00000006cdc00000)
 Metaspace       used 67322K, capacity 72911K, committed 73048K, reserved 1112064K
  class space    used 9109K, capacity 9801K, committed 9856K, reserved 1048576K
Event: 66.380 GC heap after
Heap after GC invocations=26 (full 4):
 PSYoungGen      total 1081856K, used 14076K [0x000000076b100000, 0x00000007aea80000, 0x00000007c0000000)
  eden space 1059328K, 0% used [0x000000076b100000,0x000000076b100000,0x00000007abb80000)
  from space 22528K, 62% used [0x00000007ad480000,0x00000007ae23f260,0x00000007aea80000)
  to   space 24064K, 0% used [0x00000007abb80000,0x00000007abb80000,0x00000007ad300000)
 ParOldGen       total 206848K, used 129764K [0x00000006c1200000, 0x00000006cdc00000, 0x000000076b100000)
  object space 206848K, 62% used [0x00000006c1200000,0x00000006c90b90f8,0x00000006cdc00000)
 Metaspace       used 67322K, capacity 72911K, committed 73048K, reserved 1112064K
  class space    used 9109K, capacity 9801K, committed 9856K, reserved 1048576K
}
Event: 67.349 GC heap before
{Heap before GC invocations=27 (full 4):
 PSYoungGen      total 1081856K, used 1073404K [0x000000076b100000, 0x00000007aea80000, 0x00000007c0000000)
  eden space 1059328K, 100% used [0x000000076b100000,0x00000007abb80000,0x00000007abb80000)
  from space 22528K, 62% used [0x00000007ad480000,0x00000007ae23f260,0x00000007aea80000)
  to   space 24064K, 0% used [0x00000007abb80000,0x00000007abb80000,0x00000007ad300000)
 ParOldGen       total 206848K, used 129764K [0x00000006c1200000, 0x00000006cdc00000, 0x000000076b100000)
  object space 206848K, 62% used [0x00000006c1200000,0x00000006c90b90f8,0x00000006cdc00000)
 Metaspace       used 68768K, capacity 74269K, committed 74456K, reserved 1114112K
  class space    used 9240K, capacity 9932K, committed 9984K, reserved 1048576K
Event: 67.365 GC heap after
Heap after GC invocations=27 (full 4):
 PSYoungGen      total 1083392K, used 18086K [0x000000076b100000, 0x00000007c0000000, 0x00000007c0000000)
  eden space 1059328K, 0% used [0x000000076b100000,0x000000076b100000,0x00000007abb80000)
  from space 24064K, 75% used [0x00000007abb80000,0x00000007acd29828,0x00000007ad300000)
  to   space 24576K, 0% used [0x00000007be800000,0x00000007be800000,0x00000007c0000000)
 ParOldGen       total 206848K, used 143504K [0x00000006c1200000, 0x00000006cdc00000, 0x000000076b100000)
  object space 206848K, 69% used [0x00000006c1200000,0x00000006c9e24028,0x00000006cdc00000)
 Metaspace       used 68768K, capacity 74269K, committed 74456K, reserved 1114112K
  class space    used 9240K, capacity 9932K, committed 9984K, reserved 1048576K
}
Event: 116.517 GC heap before
{Heap before GC invocations=28 (full 4):
 PSYoungGen      total 1083392K, used 1077414K [0x000000076b100000, 0x00000007c0000000, 0x00000007c0000000)
  eden space 1059328K, 100% used [0x000000076b100000,0x00000007abb80000,0x00000007abb80000)
  from space 24064K, 75% used [0x00000007abb80000,0x00000007acd29828,0x00000007ad300000)
  to   space 24576K, 0% used [0x00000007be800000,0x00000007be800000,0x00000007c0000000)
 ParOldGen       total 206848K, used 143504K [0x00000006c1200000, 0x00000006cdc00000, 0x000000076b100000)
  object space 206848K, 69% used [0x00000006c1200000,0x00000006c9e24028,0x00000006cdc00000)
 Metaspace       used 69562K, capacity 75051K, committed 75224K, reserved 1114112K
  class space    used 9242K, capacity 9933K, committed 9984K, reserved 1048576K
Event: 116.525 GC heap after
Heap after GC invocations=28 (full 4):
 PSYoungGen      total 1364992K, used 416K [0x000000076b100000, 0x00000007c0000000, 0x00000007c0000000)
  eden space 1340416K, 0% used [0x000000076b100000,0x000000076b100000,0x00000007bce00000)
  from space 24576K, 1% used [0x00000007be800000,0x00000007be868000,0x00000007c0000000)
  to   space 25600K, 0% used [0x00000007bce00000,0x00000007bce00000,0x00000007be700000)
 ParOldGen       total 206848K, used 161469K [0x00000006c1200000, 0x00000006cdc00000, 0x000000076b100000)
  object space 206848K, 78% used [0x00000006c1200000,0x00000006cafaf778,0x00000006cdc00000)
 Metaspace       used 69562K, capacity 75051K, committed 75224K, reserved 1114112K
  class space    used 9242K, capacity 9933K, committed 9984K, reserved 1048576K
}

